<?xml version="1.0" encoding="UTF-8"?>
<!-- Generated by org.testng.reporters.JUnitReportReporter -->
<testsuite hostname="bittech-PC" name="com.bit.test.BaseTest" tests="2" failures="0" timestamp="27 Mar 2016 16:28:03 GMT" time="0.010" errors="0">
  <testcase name="m1" time="0.008" classname="com.bit.test.BaseTest"/>
  <testcase name="m2" time="0.002" classname="com.bit.test.BaseTest"/>
</testsuite> <!-- com.bit.test.BaseTest -->
