<?xml version="1.0" encoding="UTF-8"?>
<!-- Generated by org.testng.reporters.JUnitReportReporter -->
<testsuite hostname="Shahiduls-iMac.home" name="com.bit.test.SmokeTest" tests="1" failures="0" timestamp="5 Mar 2016 18:44:51 GMT" time="6.115" errors="0">
  <testcase name="test1" time="6.115" classname="com.bit.test.SmokeTest"/>
</testsuite> <!-- com.bit.test.SmokeTest -->
