<?xml version="1.0" encoding="UTF-8"?>
<!-- Generated by org.testng.reporters.JUnitReportReporter -->
<testsuite hostname="Shahiduls-iMac.home" name="com.bit.pages.loop" tests="1" failures="0" timestamp="2 Apr 2016 21:11:06 GMT" time="0.001" errors="0">
  <testcase name="arrayDemo" time="0.001" classname="com.bit.pages.loop"/>
</testsuite> <!-- com.bit.pages.loop -->
