<?xml version="1.0" encoding="UTF-8"?>
<!-- Generated by org.testng.reporters.JUnitReportReporter -->
<testsuite hostname="Shahiduls-iMac.home" name="com.bit.utility.Utility" tests="1" failures="0" timestamp="9 Apr 2016 18:48:13 GMT" time="0.008" errors="0">
  <testcase name="reverseString" time="0.008" classname="com.bit.utility.Utility"/>
</testsuite> <!-- com.bit.utility.Utility -->
