<?xml version="1.0" encoding="UTF-8"?>
<!-- Generated by org.testng.reporters.JUnitReportReporter -->
<testsuite hostname="bittech-PC" name="com.bit.pages.loop" tests="1" failures="0" timestamp="20 Mar 2016 17:57:20 GMT" time="0.007" errors="0">
  <testcase name="arrayDemo" time="0.007" classname="com.bit.pages.loop"/>
</testsuite> <!-- com.bit.pages.loop -->
